<?xml version="1.0" encoding="UTF-8"?>
<!-- Generated by org.testng.reporters.JUnitReportReporter -->
<testsuite hostname="PIL-L-L-21-032" failures="0" tests="28" name="testCases.Client_PricingScheduleCPT_Detail" time="306.929" errors="1" timestamp="2021-06-15T12:12:16 IST" skipped="0">
  <testcase classname="testCases.Client_PricingScheduleCPT_Detail" name="GoToAddCPT" time="20.296"/>
  <system-out/>
  <testcase classname="testCases.Client_PricingScheduleCPT_Detail" name="GoToFormula" time="2.082"/>
  <system-out/>
  <testcase classname="testCases.Client_PricingScheduleCPT_Detail" name="BothEmptyValidation" time="2.101"/>
  <system-out/>
  <testcase classname="testCases.Client_PricingScheduleCPT_Detail" name="ValueEmptyValidation" time="8.395"/>
  <system-out/>
  <testcase classname="testCases.Client_PricingScheduleCPT_Detail" name="FormulaEmptyValidation" time="22.958"/>
  <system-out/>
  <testcase classname="testCases.Client_PricingScheduleCPT_Detail" name="FormulaResultValidation" time="4.239"/>
  <system-out/>
  <testcase classname="testCases.Client_PricingScheduleCPT_Detail" name="AddFormulaToDetails" time="6.197"/>
  <system-out/>
  <testcase classname="testCases.Client_PricingScheduleCPT_Detail" name="SaveCPT" time="9.301"/>
  <system-out/>
  <testcase classname="testCases.Client_PricingScheduleCPT_Detail" name="SearchCPTRecord" time="19.147"/>
  <system-out/>
  <testcase classname="testCases.Client_PricingScheduleCPT_Detail" name="GetRecord" time="0.001"/>
  <system-out/>
  <testcase classname="testCases.Client_PricingScheduleCPT_Detail" name="GoCPTDetails" time="4.250"/>
  <system-out/>
  <testcase classname="testCases.Client_PricingScheduleCPT_Detail" name="CPTExpand" time="10.259"/>
  <system-out/>
  <testcase classname="testCases.Client_PricingScheduleCPT_Detail" name="ADDCPTBill" time="24.954"/>
  <system-out/>
  <testcase classname="testCases.Client_PricingScheduleCPT_Detail" name="BillcptSearch" time="4.219"/>
  <system-out/>
  <testcase classname="testCases.Client_PricingScheduleCPT_Detail" name="EditBillcpt" time="10.348"/>
  <system-out/>
  <testcase classname="testCases.Client_PricingScheduleCPT_Detail" name="VerfiyEditBillcpt" time="8.314"/>
  <system-out/>
  <testcase classname="testCases.Client_PricingScheduleCPT_Detail" name="ValidateExcel" time="10.325"/>
  <system-out/>
  <testcase classname="testCases.Client_PricingScheduleCPT_Detail" name="VerifyDownload" time="2.422"/>
  <system-out/>
  <testcase classname="testCases.Client_PricingScheduleCPT_Detail" name="VerifyInvalidUploadTemplate" time="6.158"/>
  <system-out/>
  <testcase classname="testCases.Client_PricingScheduleCPT_Detail" name="VerifyValidUploadTemplate" time="16.872"/>
  <system-out/>
  <testcase classname="testCases.Client_PricingScheduleCPT_Detail" name="SortBillingCptCode" time="16.534"/>
  <system-out/>
  <testcase classname="testCases.Client_PricingScheduleCPT_Detail" name="deleteuploadedCPT" time="14.713">
    <error message="element not interactable
  (Session info: chrome=91.0.4472.101)
Build info: version: &#039;3.141.59&#039;, revision: &#039;e82be7d358&#039;, time: &#039;2018-11-14T08:17:03&#039;
System info: host: &#039;PIL-L-L-21-032&#039;, ip: &#039;172.31.0.32&#039;, os.name: &#039;Windows 10&#039;, os.arch: &#039;amd64&#039;, os.version: &#039;10.0&#039;, java.version: &#039;15.0.2&#039;
Driver info: org.openqa.selenium.chrome.ChromeDriver
Capabilities {acceptInsecureCerts: false, browserName: chrome, browserVersion: 91.0.4472.101, chrome: {chromedriverVersion: 91.0.4472.19 (1bf021f248676..., userDataDir: C:\Users\LOKESH~1\AppData\L...}, goog:chromeOptions: {debuggerAddress: localhost:64974}, javascriptEnabled: true, networkConnectionEnabled: false, pageLoadStrategy: normal, platform: WINDOWS, platformName: WINDOWS, proxy: Proxy(), setWindowRect: true, strictFileInteractability: false, timeouts: {implicit: 0, pageLoad: 300000, script: 30000}, unhandledPromptBehavior: dismiss and notify, webauthn:extension:largeBlob: true, webauthn:virtualAuthenticators: true}
Session ID: cb07832b10bccf5e25930feab2917adb" type="org.openqa.selenium.ElementNotInteractableException">
      <![CDATA[org.openqa.selenium.ElementNotInteractableException: element not interactable
  (Session info: chrome=91.0.4472.101)
Build info: version: '3.141.59', revision: 'e82be7d358', time: '2018-11-14T08:17:03'
System info: host: 'PIL-L-L-21-032', ip: '172.31.0.32', os.name: 'Windows 10', os.arch: 'amd64', os.version: '10.0', java.version: '15.0.2'
Driver info: org.openqa.selenium.chrome.ChromeDriver
Capabilities {acceptInsecureCerts: false, browserName: chrome, browserVersion: 91.0.4472.101, chrome: {chromedriverVersion: 91.0.4472.19 (1bf021f248676..., userDataDir: C:\Users\LOKESH~1\AppData\L...}, goog:chromeOptions: {debuggerAddress: localhost:64974}, javascriptEnabled: true, networkConnectionEnabled: false, pageLoadStrategy: normal, platform: WINDOWS, platformName: WINDOWS, proxy: Proxy(), setWindowRect: true, strictFileInteractability: false, timeouts: {implicit: 0, pageLoad: 300000, script: 30000}, unhandledPromptBehavior: dismiss and notify, webauthn:extension:largeBlob: true, webauthn:virtualAuthenticators: true}
Session ID: cb07832b10bccf5e25930feab2917adb
at java.base/jdk.internal.reflect.NativeConstructorAccessorImpl.newInstance0(Native Method)
at java.base/jdk.internal.reflect.NativeConstructorAccessorImpl.newInstance(NativeConstructorAccessorImpl.java:64)
at java.base/jdk.internal.reflect.DelegatingConstructorAccessorImpl.newInstance(DelegatingConstructorAccessorImpl.java:45)
at java.base/java.lang.reflect.Constructor.newInstanceWithCaller(Constructor.java:500)
at java.base/java.lang.reflect.Constructor.newInstance(Constructor.java:481)
at org.openqa.selenium.remote.http.W3CHttpResponseCodec.createException(W3CHttpResponseCodec.java:187)
at org.openqa.selenium.remote.http.W3CHttpResponseCodec.decode(W3CHttpResponseCodec.java:122)
at org.openqa.selenium.remote.http.W3CHttpResponseCodec.decode(W3CHttpResponseCodec.java:49)
at org.openqa.selenium.remote.HttpCommandExecutor.execute(HttpCommandExecutor.java:158)
at org.openqa.selenium.remote.service.DriverCommandExecutor.execute(DriverCommandExecutor.java:83)
at org.openqa.selenium.remote.RemoteWebDriver.execute(RemoteWebDriver.java:552)
at org.openqa.selenium.remote.RemoteWebElement.execute(RemoteWebElement.java:285)
at org.openqa.selenium.remote.RemoteWebElement.sendKeys(RemoteWebElement.java:106)
at jdk.internal.reflect.GeneratedMethodAccessor3.invoke(Unknown Source)
at java.base/jdk.internal.reflect.DelegatingMethodAccessorImpl.invoke(DelegatingMethodAccessorImpl.java:43)
at java.base/java.lang.reflect.Method.invoke(Method.java:564)
at org.openqa.selenium.support.pagefactory.internal.LocatingElementHandler.invoke(LocatingElementHandler.java:51)
at com.sun.proxy.$Proxy13.sendKeys(Unknown Source)
at testCases.Client_PricingScheduleCPT_Detail.deleteuploadedCPT(Client_PricingScheduleCPT_Detail.java:632)
at java.base/jdk.internal.reflect.NativeMethodAccessorImpl.invoke0(Native Method)
at java.base/jdk.internal.reflect.NativeMethodAccessorImpl.invoke(NativeMethodAccessorImpl.java:64)
at java.base/jdk.internal.reflect.DelegatingMethodAccessorImpl.invoke(DelegatingMethodAccessorImpl.java:43)
at java.base/java.lang.reflect.Method.invoke(Method.java:564)
at org.testng.internal.MethodInvocationHelper.invokeMethod(MethodInvocationHelper.java:132)
at org.testng.internal.TestInvoker.invokeMethod(TestInvoker.java:599)
at org.testng.internal.TestInvoker.invokeTestMethod(TestInvoker.java:174)
at org.testng.internal.MethodRunner.runInSequence(MethodRunner.java:46)
at org.testng.internal.TestInvoker$MethodInvocationAgent.invoke(TestInvoker.java:822)
at org.testng.internal.TestInvoker.invokeTestMethods(TestInvoker.java:147)
at org.testng.internal.TestMethodWorker.invokeTestMethods(TestMethodWorker.java:146)
at org.testng.internal.TestMethodWorker.run(TestMethodWorker.java:128)
at java.base/java.util.ArrayList.forEach(ArrayList.java:1511)
at org.testng.TestRunner.privateRun(TestRunner.java:764)
at org.testng.TestRunner.run(TestRunner.java:585)
at org.testng.SuiteRunner.runTest(SuiteRunner.java:384)
at org.testng.SuiteRunner.runSequentially(SuiteRunner.java:378)
at org.testng.SuiteRunner.privateRun(SuiteRunner.java:337)
at org.testng.SuiteRunner.run(SuiteRunner.java:286)
at org.testng.SuiteRunnerWorker.runSuite(SuiteRunnerWorker.java:53)
at org.testng.SuiteRunnerWorker.run(SuiteRunnerWorker.java:96)
at org.testng.TestNG.runSuitesSequentially(TestNG.java:1218)
at org.testng.TestNG.runSuitesLocally(TestNG.java:1140)
at org.testng.TestNG.runSuites(TestNG.java:1069)
at org.testng.TestNG.run(TestNG.java:1037)
at org.testng.remote.AbstractRemoteTestNG.run(AbstractRemoteTestNG.java:115)
at org.testng.remote.RemoteTestNG.initAndRun(RemoteTestNG.java:251)
at org.testng.remote.RemoteTestNG.main(RemoteTestNG.java:77)
]]>
    </error>
  </testcase> <!-- deleteuploadedCPT -->
  <system-out/>
  <testcase classname="testCases.Client_PricingScheduleCPT_Detail" name="SaveCPTSatus" time="4.839"/>
  <system-out/>
  <testcase classname="testCases.Client_PricingScheduleCPT_Detail" name="SubmitCPTSatus" time="8.548"/>
  <system-out/>
  <testcase classname="testCases.Client_PricingScheduleCPT_Detail" name="RejectCPTStatus" time="20.290"/>
  <system-out/>
  <testcase classname="testCases.Client_PricingScheduleCPT_Detail" name="CPTAuditHistory" time="8.299"/>
  <system-out/>
  <testcase classname="testCases.Client_PricingScheduleCPT_Detail" name="CPTCancelStatus" time="1.287"/>
  <system-out/>
  <testcase classname="testCases.Client_PricingScheduleCPT_Detail" name="DeleteCPTMasterRecord" time="39.581"/>
  <system-out/>
</testsuite> <!-- testCases.Client_PricingScheduleCPT_Detail -->
