<?xml version="1.0" encoding="UTF-8"?>
<!-- Generated by org.testng.reporters.JUnitXMLReporter -->
<testsuite ignored="0" hostname="PIL-L-L-21-032" failures="1" tests="28" name="Client Pricing Schedule CPT Detail Test cases" time="268.747" errors="0" timestamp="2021-05-03T11:09:20 IST">
  <testcase classname="testCases.Client_PricingScheduleCPT_Detail" name="GoToAddCPT" time="28.635"/>
  <testcase classname="testCases.Client_PricingScheduleCPT_Detail" name="GoToFormula" time="2.091"/>
  <testcase classname="testCases.Client_PricingScheduleCPT_Detail" name="BothEmptyValidation" time="2.115"/>
  <testcase classname="testCases.Client_PricingScheduleCPT_Detail" name="ValueEmptyValidation" time="8.604"/>
  <testcase classname="testCases.Client_PricingScheduleCPT_Detail" name="FormulaEmptyValidation" time="15.449"/>
  <testcase classname="testCases.Client_PricingScheduleCPT_Detail" name="FormulaResultValidation" time="4.314"/>
  <testcase classname="testCases.Client_PricingScheduleCPT_Detail" name="AddFormulaToDetails" time="2.152"/>
  <testcase classname="testCases.Client_PricingScheduleCPT_Detail" name="SaveCPT" time="7.022"/>
  <testcase classname="testCases.Client_PricingScheduleCPT_Detail" name="SearchCPTRecord" time="19.43"/>
  <testcase classname="testCases.Client_PricingScheduleCPT_Detail" name="GetRecord" time="0.005"/>
  <testcase classname="testCases.Client_PricingScheduleCPT_Detail" name="GoCPTDetails" time="3.292"/>
  <testcase classname="testCases.Client_PricingScheduleCPT_Detail" name="CPTExpand" time="10.295"/>
  <testcase classname="testCases.Client_PricingScheduleCPT_Detail" name="ADDCPTBill" time="14.736"/>
  <testcase classname="testCases.Client_PricingScheduleCPT_Detail" name="BillcptSearch" time="4.284"/>
  <testcase classname="testCases.Client_PricingScheduleCPT_Detail" name="EditBillcpt" time="10.388"/>
  <testcase classname="testCases.Client_PricingScheduleCPT_Detail" name="VerfiyEditBillcpt" time="6.314"/>
  <testcase classname="testCases.Client_PricingScheduleCPT_Detail" name="ValidateExcel" time="6.21"/>
  <testcase classname="testCases.Client_PricingScheduleCPT_Detail" name="VerifyDownload" time="7.22"/>
  <testcase classname="testCases.Client_PricingScheduleCPT_Detail" name="VerifyInvalidUploadTemplate" time="6.359"/>
  <testcase classname="testCases.Client_PricingScheduleCPT_Detail" name="VerifyValidUploadTemplate" time="16.66"/>
  <testcase classname="testCases.Client_PricingScheduleCPT_Detail" name="SortBillingCptCode" time="16.593"/>
  <testcase classname="testCases.Client_PricingScheduleCPT_Detail" name="deleteuploadedCPT" time="10.683">
    <failure type="org.openqa.selenium.ElementNotInteractableException" message="element not interactable
  (Session info: chrome=90.0.4430.93)
Build info: version: &amp;apos;3.141.59&amp;apos;, revision: &amp;apos;e82be7d358&amp;apos;, time: &amp;apos;2018-11-14T08:17:03&amp;apos;
System info: host: &amp;apos;PIL-L-L-21-032&amp;apos;, ip: &amp;apos;172.31.0.69&amp;apos;, os.name: &amp;apos;Windows 10&amp;apos;, os.arch: &amp;apos;amd64&amp;apos;, os.version: &amp;apos;10.0&amp;apos;, java.version: &amp;apos;15.0.2&amp;apos;
Driver info: org.openqa.selenium.chrome.ChromeDriver
Capabilities {acceptInsecureCerts: false, browserName: chrome, browserVersion: 90.0.4430.93, chrome: {chromedriverVersion: 89.0.4389.23 (61b08ee2c5002..., userDataDir: C:\Users\LOKESH~1\AppData\L...}, goog:chromeOptions: {debuggerAddress: localhost:61377}, javascriptEnabled: true, networkConnectionEnabled: false, pageLoadStrategy: normal, platform: WINDOWS, platformName: WINDOWS, proxy: Proxy(), setWindowRect: true, strictFileInteractability: false, timeouts: {implicit: 0, pageLoad: 300000, script: 30000}, unhandledPromptBehavior: dismiss and notify, webauthn:extension:largeBlob: true, webauthn:virtualAuthenticators: true}
Session ID: 8461fddfeaf16cd1b4b819522d0d10f2">
      <![CDATA[org.openqa.selenium.ElementNotInteractableException: element not interactable
  (Session info: chrome=90.0.4430.93)
Build info: version: '3.141.59', revision: 'e82be7d358', time: '2018-11-14T08:17:03'
System info: host: 'PIL-L-L-21-032', ip: '172.31.0.69', os.name: 'Windows 10', os.arch: 'amd64', os.version: '10.0', java.version: '15.0.2'
Driver info: org.openqa.selenium.chrome.ChromeDriver
Capabilities {acceptInsecureCerts: false, browserName: chrome, browserVersion: 90.0.4430.93, chrome: {chromedriverVersion: 89.0.4389.23 (61b08ee2c5002..., userDataDir: C:\Users\LOKESH~1\AppData\L...}, goog:chromeOptions: {debuggerAddress: localhost:61377}, javascriptEnabled: true, networkConnectionEnabled: false, pageLoadStrategy: normal, platform: WINDOWS, platformName: WINDOWS, proxy: Proxy(), setWindowRect: true, strictFileInteractability: false, timeouts: {implicit: 0, pageLoad: 300000, script: 30000}, unhandledPromptBehavior: dismiss and notify, webauthn:extension:largeBlob: true, webauthn:virtualAuthenticators: true}
Session ID: 8461fddfeaf16cd1b4b819522d0d10f2
at java.base/jdk.internal.reflect.NativeConstructorAccessorImpl.newInstance0(Native Method)
at java.base/jdk.internal.reflect.NativeConstructorAccessorImpl.newInstance(NativeConstructorAccessorImpl.java:64)
at java.base/jdk.internal.reflect.DelegatingConstructorAccessorImpl.newInstance(DelegatingConstructorAccessorImpl.java:45)
at java.base/java.lang.reflect.Constructor.newInstanceWithCaller(Constructor.java:500)
at java.base/java.lang.reflect.Constructor.newInstance(Constructor.java:481)
at org.openqa.selenium.remote.http.W3CHttpResponseCodec.createException(W3CHttpResponseCodec.java:187)
at org.openqa.selenium.remote.http.W3CHttpResponseCodec.decode(W3CHttpResponseCodec.java:122)
at org.openqa.selenium.remote.http.W3CHttpResponseCodec.decode(W3CHttpResponseCodec.java:49)
at org.openqa.selenium.remote.HttpCommandExecutor.execute(HttpCommandExecutor.java:158)
at org.openqa.selenium.remote.service.DriverCommandExecutor.execute(DriverCommandExecutor.java:83)
at org.openqa.selenium.remote.RemoteWebDriver.execute(RemoteWebDriver.java:552)
at org.openqa.selenium.remote.RemoteWebElement.execute(RemoteWebElement.java:285)
at org.openqa.selenium.remote.RemoteWebElement.sendKeys(RemoteWebElement.java:106)
at jdk.internal.reflect.GeneratedMethodAccessor2.invoke(Unknown Source)
at java.base/jdk.internal.reflect.DelegatingMethodAccessorImpl.invoke(DelegatingMethodAccessorImpl.java:43)
at java.base/java.lang.reflect.Method.invoke(Method.java:564)
at org.openqa.selenium.support.pagefactory.internal.LocatingElementHandler.invoke(LocatingElementHandler.java:51)
at com.sun.proxy.$Proxy13.sendKeys(Unknown Source)
at testCases.Client_PricingScheduleCPT_Detail.deleteuploadedCPT(Client_PricingScheduleCPT_Detail.java:595)
at java.base/jdk.internal.reflect.NativeMethodAccessorImpl.invoke0(Native Method)
at java.base/jdk.internal.reflect.NativeMethodAccessorImpl.invoke(NativeMethodAccessorImpl.java:64)
at java.base/jdk.internal.reflect.DelegatingMethodAccessorImpl.invoke(DelegatingMethodAccessorImpl.java:43)
at java.base/java.lang.reflect.Method.invoke(Method.java:564)
at org.testng.internal.MethodInvocationHelper.invokeMethod(MethodInvocationHelper.java:132)
at org.testng.internal.TestInvoker.invokeMethod(TestInvoker.java:599)
at org.testng.internal.TestInvoker.invokeTestMethod(TestInvoker.java:174)
at org.testng.internal.MethodRunner.runInSequence(MethodRunner.java:46)
at org.testng.internal.TestInvoker$MethodInvocationAgent.invoke(TestInvoker.java:822)
at org.testng.internal.TestInvoker.invokeTestMethods(TestInvoker.java:147)
at org.testng.internal.TestMethodWorker.invokeTestMethods(TestMethodWorker.java:146)
at org.testng.internal.TestMethodWorker.run(TestMethodWorker.java:128)
at java.base/java.util.ArrayList.forEach(ArrayList.java:1511)
at org.testng.TestRunner.privateRun(TestRunner.java:764)
at org.testng.TestRunner.run(TestRunner.java:585)
at org.testng.SuiteRunner.runTest(SuiteRunner.java:384)
at org.testng.SuiteRunner.runSequentially(SuiteRunner.java:378)
at org.testng.SuiteRunner.privateRun(SuiteRunner.java:337)
at org.testng.SuiteRunner.run(SuiteRunner.java:286)
at org.testng.SuiteRunnerWorker.runSuite(SuiteRunnerWorker.java:53)
at org.testng.SuiteRunnerWorker.run(SuiteRunnerWorker.java:96)
at org.testng.TestNG.runSuitesSequentially(TestNG.java:1218)
at org.testng.TestNG.runSuitesLocally(TestNG.java:1140)
at org.testng.TestNG.runSuites(TestNG.java:1069)
at org.testng.TestNG.run(TestNG.java:1037)
at org.testng.remote.AbstractRemoteTestNG.run(AbstractRemoteTestNG.java:115)
at org.testng.remote.RemoteTestNG.initAndRun(RemoteTestNG.java:251)
at org.testng.remote.RemoteTestNG.main(RemoteTestNG.java:77)
]]>
    </failure>
  </testcase> <!-- deleteuploadedCPT -->
  <testcase classname="testCases.Client_PricingScheduleCPT_Detail" name="SaveCPTSatus" time="4.134"/>
  <testcase classname="testCases.Client_PricingScheduleCPT_Detail" name="SubmitCPTSatus" time="4.228"/>
  <testcase classname="testCases.Client_PricingScheduleCPT_Detail" name="RejectCPTStatus" time="12.521"/>
  <testcase classname="testCases.Client_PricingScheduleCPT_Detail" name="CPTAuditHistory" time="8.372"/>
  <testcase classname="testCases.Client_PricingScheduleCPT_Detail" name="CPTCancelStatus" time="0.836"/>
  <testcase classname="testCases.Client_PricingScheduleCPT_Detail" name="DeleteCPTMasterRecord" time="35.698"/>
</testsuite> <!-- Client Pricing Schedule CPT Detail Test cases -->
